mode: atomic
github.com/gavinbunney/terraform-provider-kubectl/kubernetes/yaml_document_helper.go:11.78,18.39 4 0
github.com/gavinbunney/terraform-provider-kubectl/kubernetes/yaml_document_helper.go:24.2,27.42 2 0
github.com/gavinbunney/terraform-provider-kubectl/kubernetes/yaml_document_helper.go:32.2,34.21 2 0
github.com/gavinbunney/terraform-provider-kubectl/kubernetes/yaml_document_helper.go:53.2,53.23 1 0
github.com/gavinbunney/terraform-provider-kubectl/kubernetes/yaml_document_helper.go:18.39,19.34 1 0
github.com/gavinbunney/terraform-provider-kubectl/kubernetes/yaml_document_helper.go:19.34,21.4 1 0
github.com/gavinbunney/terraform-provider-kubectl/kubernetes/yaml_document_helper.go:27.42,30.3 2 0
github.com/gavinbunney/terraform-provider-kubectl/kubernetes/yaml_document_helper.go:34.21,40.17 4 0
github.com/gavinbunney/terraform-provider-kubectl/kubernetes/yaml_document_helper.go:45.3,45.31 1 0
github.com/gavinbunney/terraform-provider-kubectl/kubernetes/yaml_document_helper.go:50.3,50.42 1 0
github.com/gavinbunney/terraform-provider-kubectl/kubernetes/yaml_document_helper.go:40.17,42.4 1 0
github.com/gavinbunney/terraform-provider-kubectl/kubernetes/yaml_document_helper.go:45.31,46.12 1 0
github.com/gavinbunney/terraform-provider-kubectl/kubernetes/yaml_document_helper.go:59.88,60.29 1 0
github.com/gavinbunney/terraform-provider-kubectl/kubernetes/yaml_document_helper.go:63.2,64.59 2 0
github.com/gavinbunney/terraform-provider-kubectl/kubernetes/yaml_document_helper.go:81.2,81.11 1 0
github.com/gavinbunney/terraform-provider-kubectl/kubernetes/yaml_document_helper.go:85.2,85.20 1 0
github.com/gavinbunney/terraform-provider-kubectl/kubernetes/yaml_document_helper.go:60.29,62.3 1 0
github.com/gavinbunney/terraform-provider-kubectl/kubernetes/yaml_document_helper.go:64.59,68.22 3 0
github.com/gavinbunney/terraform-provider-kubectl/kubernetes/yaml_document_helper.go:75.3,75.48 1 0
github.com/gavinbunney/terraform-provider-kubectl/kubernetes/yaml_document_helper.go:78.3,78.21 1 0
github.com/gavinbunney/terraform-provider-kubectl/kubernetes/yaml_document_helper.go:68.22,70.13 1 0
github.com/gavinbunney/terraform-provider-kubectl/kubernetes/yaml_document_helper.go:73.4,73.22 1 0
github.com/gavinbunney/terraform-provider-kubectl/kubernetes/yaml_document_helper.go:70.13,72.5 1 0
github.com/gavinbunney/terraform-provider-kubectl/kubernetes/yaml_document_helper.go:75.48,77.4 1 0
github.com/gavinbunney/terraform-provider-kubectl/kubernetes/yaml_document_helper.go:81.11,83.3 1 0
github.com/gavinbunney/terraform-provider-kubectl/kubernetes/data_source_kubectl_server_version.go:10.56,48.2 1 2
github.com/gavinbunney/terraform-provider-kubectl/kubernetes/data_source_kubectl_server_version.go:50.89,53.16 3 0
github.com/gavinbunney/terraform-provider-kubectl/kubernetes/data_source_kubectl_server_version.go:57.2,59.16 3 0
github.com/gavinbunney/terraform-provider-kubectl/kubernetes/data_source_kubectl_server_version.go:63.2,64.28 2 0
github.com/gavinbunney/terraform-provider-kubectl/kubernetes/data_source_kubectl_server_version.go:74.2,81.12 7 0
github.com/gavinbunney/terraform-provider-kubectl/kubernetes/data_source_kubectl_server_version.go:53.16,55.3 1 0
github.com/gavinbunney/terraform-provider-kubectl/kubernetes/data_source_kubectl_server_version.go:59.16,61.3 1 0
github.com/gavinbunney/terraform-provider-kubectl/kubernetes/data_source_kubectl_server_version.go:64.28,68.3 3 0
github.com/gavinbunney/terraform-provider-kubectl/kubernetes/data_source_kubectl_server_version.go:68.8,72.3 3 0
github.com/gavinbunney/terraform-provider-kubectl/kubernetes/provider.go:30.34,36.46 1 2
github.com/gavinbunney/terraform-provider-kubectl/kubernetes/provider.go:162.2,162.113 1 2
github.com/gavinbunney/terraform-provider-kubectl/kubernetes/provider.go:172.2,172.10 1 2
github.com/gavinbunney/terraform-provider-kubectl/kubernetes/provider.go:36.46,36.63 1 0
github.com/gavinbunney/terraform-provider-kubectl/kubernetes/provider.go:162.113,164.29 2 0
github.com/gavinbunney/terraform-provider-kubectl/kubernetes/provider.go:169.3,169.48 1 0
github.com/gavinbunney/terraform-provider-kubectl/kubernetes/provider.go:164.29,168.4 1 0
github.com/gavinbunney/terraform-provider-kubectl/kubernetes/provider.go:183.71,185.2 1 0
github.com/gavinbunney/terraform-provider-kubectl/kubernetes/provider.go:187.67,189.2 1 0
github.com/gavinbunney/terraform-provider-kubectl/kubernetes/provider.go:191.88,197.2 4 0
github.com/gavinbunney/terraform-provider-kubectl/kubernetes/provider.go:199.64,201.28 2 0
github.com/gavinbunney/terraform-provider-kubectl/kubernetes/provider.go:207.2,207.41 1 0
github.com/gavinbunney/terraform-provider-kubectl/kubernetes/provider.go:201.28,205.3 3 0
github.com/gavinbunney/terraform-provider-kubectl/kubernetes/provider.go:212.105,216.38 3 0
github.com/gavinbunney/terraform-provider-kubectl/kubernetes/provider.go:221.2,222.59 2 0
github.com/gavinbunney/terraform-provider-kubectl/kubernetes/provider.go:227.2,227.16 1 0
github.com/gavinbunney/terraform-provider-kubectl/kubernetes/provider.go:230.2,230.16 1 0
github.com/gavinbunney/terraform-provider-kubectl/kubernetes/provider.go:234.2,240.34 4 0
github.com/gavinbunney/terraform-provider-kubectl/kubernetes/provider.go:243.2,243.38 1 0
github.com/gavinbunney/terraform-provider-kubectl/kubernetes/provider.go:246.2,246.38 1 0
github.com/gavinbunney/terraform-provider-kubectl/kubernetes/provider.go:249.2,249.38 1 0
github.com/gavinbunney/terraform-provider-kubectl/kubernetes/provider.go:252.2,252.52 1 0
github.com/gavinbunney/terraform-provider-kubectl/kubernetes/provider.go:255.2,255.48 1 0
github.com/gavinbunney/terraform-provider-kubectl/kubernetes/provider.go:258.2,258.40 1 0
github.com/gavinbunney/terraform-provider-kubectl/kubernetes/provider.go:261.2,261.35 1 0
github.com/gavinbunney/terraform-provider-kubectl/kubernetes/provider.go:265.2,265.34 1 0
github.com/gavinbunney/terraform-provider-kubectl/kubernetes/provider.go:280.2,281.16 2 0
github.com/gavinbunney/terraform-provider-kubectl/kubernetes/provider.go:285.2,286.16 2 0
github.com/gavinbunney/terraform-provider-kubectl/kubernetes/provider.go:292.2,296.8 1 0
github.com/gavinbunney/terraform-provider-kubectl/kubernetes/provider.go:216.38,219.3 1 0
github.com/gavinbunney/terraform-provider-kubectl/kubernetes/provider.go:222.59,225.3 2 0
github.com/gavinbunney/terraform-provider-kubectl/kubernetes/provider.go:227.16,229.3 1 0
github.com/gavinbunney/terraform-provider-kubectl/kubernetes/provider.go:230.16,232.3 1 0
github.com/gavinbunney/terraform-provider-kubectl/kubernetes/provider.go:240.34,242.3 1 0
github.com/gavinbunney/terraform-provider-kubectl/kubernetes/provider.go:243.38,245.3 1 0
github.com/gavinbunney/terraform-provider-kubectl/kubernetes/provider.go:246.38,248.3 1 0
github.com/gavinbunney/terraform-provider-kubectl/kubernetes/provider.go:249.38,251.3 1 0
github.com/gavinbunney/terraform-provider-kubectl/kubernetes/provider.go:252.52,254.3 1 0
github.com/gavinbunney/terraform-provider-kubectl/kubernetes/provider.go:255.48,257.3 1 0
github.com/gavinbunney/terraform-provider-kubectl/kubernetes/provider.go:258.40,260.3 1 0
github.com/gavinbunney/terraform-provider-kubectl/kubernetes/provider.go:261.35,263.3 1 0
github.com/gavinbunney/terraform-provider-kubectl/kubernetes/provider.go:265.34,267.68 2 0
github.com/gavinbunney/terraform-provider-kubectl/kubernetes/provider.go:277.3,277.26 1 0
github.com/gavinbunney/terraform-provider-kubectl/kubernetes/provider.go:267.68,271.61 4 0
github.com/gavinbunney/terraform-provider-kubectl/kubernetes/provider.go:271.61,273.5 1 0
github.com/gavinbunney/terraform-provider-kubectl/kubernetes/provider.go:274.9,276.4 1 0
github.com/gavinbunney/terraform-provider-kubectl/kubernetes/provider.go:281.16,283.3 1 0
github.com/gavinbunney/terraform-provider-kubectl/kubernetes/provider.go:286.16,288.3 1 0
github.com/gavinbunney/terraform-provider-kubectl/kubernetes/provider.go:299.79,301.16 2 0
github.com/gavinbunney/terraform-provider-kubectl/kubernetes/provider.go:305.2,315.38 7 0
github.com/gavinbunney/terraform-provider-kubectl/kubernetes/provider.go:335.2,337.16 3 0
github.com/gavinbunney/terraform-provider-kubectl/kubernetes/provider.go:345.2,346.17 2 0
github.com/gavinbunney/terraform-provider-kubectl/kubernetes/provider.go:301.16,303.3 1 0
github.com/gavinbunney/terraform-provider-kubectl/kubernetes/provider.go:315.38,317.12 2 0
github.com/gavinbunney/terraform-provider-kubectl/kubernetes/provider.go:323.3,324.17 2 0
github.com/gavinbunney/terraform-provider-kubectl/kubernetes/provider.go:328.3,328.16 1 0
github.com/gavinbunney/terraform-provider-kubectl/kubernetes/provider.go:332.3,332.72 1 0
github.com/gavinbunney/terraform-provider-kubectl/kubernetes/provider.go:317.12,321.4 3 0
github.com/gavinbunney/terraform-provider-kubectl/kubernetes/provider.go:324.17,327.4 2 0
github.com/gavinbunney/terraform-provider-kubectl/kubernetes/provider.go:328.16,331.4 2 0
github.com/gavinbunney/terraform-provider-kubectl/kubernetes/provider.go:337.16,338.75 1 0
github.com/gavinbunney/terraform-provider-kubectl/kubernetes/provider.go:342.3,342.83 1 0
github.com/gavinbunney/terraform-provider-kubectl/kubernetes/provider.go:338.75,341.4 2 0
github.com/gavinbunney/terraform-provider-kubectl/kubernetes/provider.go:353.61,359.2 3 0
github.com/gavinbunney/terraform-provider-kubectl/kubernetes/resource_kubectl_server_version.go:7.54,52.2 1 2
github.com/gavinbunney/terraform-provider-kubectl/kubernetes/resource_kubectl_server_version.go:54.89,57.2 2 0
github.com/gavinbunney/terraform-provider-kubectl/kubernetes/resource_kubectl_services.go:13.84,16.16 3 0
github.com/gavinbunney/terraform-provider-kubectl/kubernetes/resource_kubectl_services.go:20.2,24.16 4 0
github.com/gavinbunney/terraform-provider-kubectl/kubernetes/resource_kubectl_services.go:28.2,30.41 3 0
github.com/gavinbunney/terraform-provider-kubectl/kubernetes/resource_kubectl_services.go:43.2,45.31 2 0
github.com/gavinbunney/terraform-provider-kubectl/kubernetes/resource_kubectl_services.go:49.2,50.16 2 0
github.com/gavinbunney/terraform-provider-kubectl/kubernetes/resource_kubectl_services.go:53.2,55.12 2 0
github.com/gavinbunney/terraform-provider-kubectl/kubernetes/resource_kubectl_services.go:16.16,18.3 1 0
github.com/gavinbunney/terraform-provider-kubectl/kubernetes/resource_kubectl_services.go:24.16,26.3 1 0
github.com/gavinbunney/terraform-provider-kubectl/kubernetes/resource_kubectl_services.go:30.41,41.3 1 0
github.com/gavinbunney/terraform-provider-kubectl/kubernetes/resource_kubectl_services.go:45.31,47.3 1 0
github.com/gavinbunney/terraform-provider-kubectl/kubernetes/resource_kubectl_services.go:50.16,52.3 1 0
github.com/gavinbunney/terraform-provider-kubectl/kubernetes/resource_kubectl_services.go:58.66,70.2 1 4
github.com/gavinbunney/terraform-provider-kubectl/kubernetes/resource_kubectl_services.go:72.49,79.2 1 2
github.com/gavinbunney/terraform-provider-kubectl/kubernetes/resource_kubectl_services.go:81.51,86.2 1 2
github.com/gavinbunney/terraform-provider-kubectl/kubernetes/resource_kubectl_services.go:88.86,91.2 2 0
github.com/gavinbunney/terraform-provider-kubectl/kubernetes/structures.go:3.50,5.22 2 3
github.com/gavinbunney/terraform-provider-kubectl/kubernetes/structures.go:13.2,13.15 1 3
github.com/gavinbunney/terraform-provider-kubectl/kubernetes/structures.go:5.22,7.15 1 4
github.com/gavinbunney/terraform-provider-kubectl/kubernetes/structures.go:7.15,9.4 1 1
github.com/gavinbunney/terraform-provider-kubectl/kubernetes/structures.go:9.9,11.4 1 3
